<?xml version="1.0" encoding="UTF-8"?>
<!-- Generated by org.testng.reporters.JUnitXMLReporter -->
<testsuite ignored="0" hostname="EC2AMAZ-S11DBRH" failures="0" tests="3" name="Default test" time="21.268" errors="0" timestamp="2023-07-20T08:33:38 GMT">
  <testcase classname="testScripts.PlaceOrderTest" name="searchItemtest" time="7.526"/>
  <testcase classname="testScripts.PlaceOrderTest" name="applyCouponTest" time="5.528"/>
  <testcase classname="testScripts.PlaceOrderTest" name="emptyCartTest" time="2.993"/>
</testsuite> <!-- Default test -->
