<?xml version="1.0" encoding="UTF-8"?>
<testng-results ignored="0" total="3" passed="3" failed="0" skipped="0">
  <reporter-output>
  </reporter-output>
  <suite started-at="2023-07-20T08:33:16 GMT" name="Default suite" finished-at="2023-07-20T08:33:38 GMT" duration-ms="21268">
    <groups>
    </groups>
    <test started-at="2023-07-20T08:33:16 GMT" name="Default test" finished-at="2023-07-20T08:33:38 GMT" duration-ms="21268">
      <class name="testScripts.PlaceOrderTest">
        <test-method is-config="true" signature="launchApp()[pri:0, instance:testScripts.PlaceOrderTest@2c35e847]" started-at="2023-07-20T08:33:16 GMT" name="launchApp" finished-at="2023-07-20T08:33:22 GMT" duration-ms="5171" status="PASS">
          <reporter-output>
          </reporter-output>
        </test-method> <!-- launchApp -->
        <test-method signature="searchItemtest()[pri:0, instance:testScripts.PlaceOrderTest@2c35e847]" started-at="2023-07-20T08:33:22 GMT" name="searchItemtest" finished-at="2023-07-20T08:33:29 GMT" duration-ms="7526" status="PASS">
          <reporter-output>
          </reporter-output>
        </test-method> <!-- searchItemtest -->
        <test-method signature="applyCouponTest()[pri:0, instance:testScripts.PlaceOrderTest@2c35e847]" started-at="2023-07-20T08:33:29 GMT" name="applyCouponTest" finished-at="2023-07-20T08:33:35 GMT" depends-on-methods="testScripts.PlaceOrderTest.searchItemtest" duration-ms="5528" status="PASS">
          <reporter-output>
          </reporter-output>
        </test-method> <!-- applyCouponTest -->
        <test-method signature="emptyCartTest()[pri:0, instance:testScripts.PlaceOrderTest@2c35e847]" started-at="2023-07-20T08:33:35 GMT" name="emptyCartTest" finished-at="2023-07-20T08:33:38 GMT" depends-on-methods="testScripts.PlaceOrderTest.applyCouponTest, testScripts.PlaceOrderTest.searchItemtest" duration-ms="2993" status="PASS">
          <reporter-output>
          </reporter-output>
        </test-method> <!-- emptyCartTest -->
      </class> <!-- testScripts.PlaceOrderTest -->
    </test> <!-- Default test -->
  </suite> <!-- Default suite -->
</testng-results>
